# Logfile created on 2013-12-27 19:24:58 -0500 by logger.rb/36483
I, [2013-12-27T19:24:58.765002 #6592]  INFO -- : 0:  addressable (2.3.5) from /Users/katedonahue/.rvm/gems/ruby-2.0.0-p247/specifications/addressable-2.3.5.gemspec
I, [2013-12-27T19:24:58.765390 #6592]  INFO -- : 0:  bcrypt-ruby (3.1.2) from /Users/katedonahue/.rvm/gems/ruby-2.0.0-p247/specifications/bcrypt-ruby-3.1.2.gemspec
I, [2013-12-27T19:24:58.765633 #6592]  INFO -- : 0:  data_objects (0.10.13) from /Users/katedonahue/.rvm/gems/ruby-2.0.0-p247/specifications/data_objects-0.10.13.gemspec
I, [2013-12-27T19:24:58.765863 #6592]  INFO -- : 0:  dm-core (1.2.1) from /Users/katedonahue/.rvm/gems/ruby-2.0.0-p247/specifications/dm-core-1.2.1.gemspec
I, [2013-12-27T19:24:58.766088 #6592]  INFO -- : 0:  dm-aggregates (1.2.0) from /Users/katedonahue/.rvm/gems/ruby-2.0.0-p247/specifications/dm-aggregates-1.2.0.gemspec
I, [2013-12-27T19:24:58.766310 #6592]  INFO -- : 0:  dm-constraints (1.2.0) from /Users/katedonahue/.rvm/gems/ruby-2.0.0-p247/specifications/dm-constraints-1.2.0.gemspec
I, [2013-12-27T19:24:58.766528 #6592]  INFO -- : 0:  dm-migrations (1.2.0) from /Users/katedonahue/.rvm/gems/ruby-2.0.0-p247/specifications/dm-migrations-1.2.0.gemspec
I, [2013-12-27T19:24:58.766747 #6592]  INFO -- : 0:  fastercsv (1.5.5) from /Users/katedonahue/.rvm/gems/ruby-2.0.0-p247/specifications/fastercsv-1.5.5.gemspec
I, [2013-12-27T19:24:58.766965 #6592]  INFO -- : 0:  json (1.8.1) from /Users/katedonahue/.rvm/gems/ruby-2.0.0-p247/specifications/json-1.8.1.gemspec
I, [2013-12-27T19:24:58.767182 #6592]  INFO -- : 0:  json_pure (1.8.1) from /Users/katedonahue/.rvm/gems/ruby-2.0.0-p247/specifications/json_pure-1.8.1.gemspec
I, [2013-12-27T19:24:58.767406 #6592]  INFO -- : 0:  multi_json (1.8.2) from /Users/katedonahue/.rvm/gems/ruby-2.0.0-p247/specifications/multi_json-1.8.2.gemspec
I, [2013-12-27T19:24:58.767621 #6592]  INFO -- : 0:  dm-serializer (1.2.2) from /Users/katedonahue/.rvm/gems/ruby-2.0.0-p247/specifications/dm-serializer-1.2.2.gemspec
I, [2013-12-27T19:24:58.767837 #6592]  INFO -- : 0:  dm-timestamps (1.2.0) from /Users/katedonahue/.rvm/gems/ruby-2.0.0-p247/specifications/dm-timestamps-1.2.0.gemspec
I, [2013-12-27T19:24:58.768056 #6592]  INFO -- : 0:  dm-transactions (1.2.0) from /Users/katedonahue/.rvm/gems/ruby-2.0.0-p247/specifications/dm-transactions-1.2.0.gemspec
I, [2013-12-27T19:24:58.768274 #6592]  INFO -- : 0:  stringex (1.5.1) from /Users/katedonahue/.rvm/gems/ruby-2.0.0-p247/specifications/stringex-1.5.1.gemspec
I, [2013-12-27T19:24:58.768490 #6592]  INFO -- : 0:  uuidtools (2.1.4) from /Users/katedonahue/.rvm/gems/ruby-2.0.0-p247/specifications/uuidtools-2.1.4.gemspec
I, [2013-12-27T19:24:58.768705 #6592]  INFO -- : 0:  dm-types (1.2.2) from /Users/katedonahue/.rvm/gems/ruby-2.0.0-p247/specifications/dm-types-1.2.2.gemspec
I, [2013-12-27T19:24:58.768921 #6592]  INFO -- : 0:  dm-validations (1.2.0) from /Users/katedonahue/.rvm/gems/ruby-2.0.0-p247/specifications/dm-validations-1.2.0.gemspec
I, [2013-12-27T19:24:58.769136 #6592]  INFO -- : 0:  datamapper (1.2.0) from /Users/katedonahue/.rvm/gems/ruby-2.0.0-p247/specifications/datamapper-1.2.0.gemspec
I, [2013-12-27T19:24:58.769352 #6592]  INFO -- : 0:  dm-do-adapter (1.2.0) from /Users/katedonahue/.rvm/gems/ruby-2.0.0-p247/specifications/dm-do-adapter-1.2.0.gemspec
I, [2013-12-27T19:24:58.769564 #6592]  INFO -- : 0:  do_sqlite3 (0.10.13) from /Users/katedonahue/.rvm/gems/ruby-2.0.0-p247/specifications/do_sqlite3-0.10.13.gemspec
I, [2013-12-27T19:24:58.769779 #6592]  INFO -- : 0:  dm-sqlite-adapter (1.2.0) from /Users/katedonahue/.rvm/gems/ruby-2.0.0-p247/specifications/dm-sqlite-adapter-1.2.0.gemspec
I, [2013-12-27T19:24:58.769992 #6592]  INFO -- : 0:  tilt (1.4.1) from /Users/katedonahue/.rvm/gems/ruby-2.0.0-p247/specifications/tilt-1.4.1.gemspec
I, [2013-12-27T19:24:58.770245 #6592]  INFO -- : 0:  haml (4.0.4) from /Users/katedonahue/.rvm/gems/ruby-2.0.0-p247/specifications/haml-4.0.4.gemspec
I, [2013-12-27T19:24:58.770464 #6592]  INFO -- : 0:  rack (1.5.2) from /Users/katedonahue/.rvm/gems/ruby-2.0.0-p247/specifications/rack-1.5.2.gemspec
I, [2013-12-27T19:24:58.770701 #6592]  INFO -- : 0:  rack-protection (1.5.1) from /Users/katedonahue/.rvm/gems/ruby-2.0.0-p247/specifications/rack-protection-1.5.1.gemspec
I, [2013-12-27T19:24:58.770926 #6592]  INFO -- : 0:  sinatra (1.4.4) from /Users/katedonahue/.rvm/gems/ruby-2.0.0-p247/specifications/sinatra-1.4.4.gemspec
I, [2013-12-27T19:24:58.771136 #6592]  INFO -- : 0:  bundler (1.5.0) from /Users/katedonahue/.rvm/gems/ruby-2.0.0-p247/specifications/bundler-1.5.0.gemspec
