# Logfile created on 2013-12-27 14:30:22 -0500 by logger.rb/36483
I, [2013-12-27T14:30:22.770991 #5802]  INFO -- : 0:  addressable (2.3.5) from /Users/katedonahue/.rvm/gems/ruby-2.0.0-p247/specifications/addressable-2.3.5.gemspec
I, [2013-12-27T14:30:25.256559 #5802]  INFO -- : 0:  bcrypt-ruby (3.1.2) from /Users/katedonahue/.rvm/gems/ruby-2.0.0-p247/specifications/bcrypt-ruby-3.1.2.gemspec
I, [2013-12-27T14:30:26.950946 #5802]  INFO -- : 0:  data_objects (0.10.13) from /Users/katedonahue/.rvm/gems/ruby-2.0.0-p247/specifications/data_objects-0.10.13.gemspec
I, [2013-12-27T14:30:28.982576 #5802]  INFO -- : 0:  dm-core (1.2.1) from /Users/katedonahue/.rvm/gems/ruby-2.0.0-p247/specifications/dm-core-1.2.1.gemspec
I, [2013-12-27T14:30:30.024319 #5802]  INFO -- : 0:  dm-aggregates (1.2.0) from /Users/katedonahue/.rvm/gems/ruby-2.0.0-p247/specifications/dm-aggregates-1.2.0.gemspec
I, [2013-12-27T14:30:31.052994 #5802]  INFO -- : 0:  dm-constraints (1.2.0) from /Users/katedonahue/.rvm/gems/ruby-2.0.0-p247/specifications/dm-constraints-1.2.0.gemspec
I, [2013-12-27T14:30:32.211723 #5802]  INFO -- : 0:  dm-migrations (1.2.0) from /Users/katedonahue/.rvm/gems/ruby-2.0.0-p247/specifications/dm-migrations-1.2.0.gemspec
I, [2013-12-27T14:30:34.279363 #5802]  INFO -- : 0:  fastercsv (1.5.5) from /Users/katedonahue/.rvm/gems/ruby-2.0.0-p247/specifications/fastercsv-1.5.5.gemspec
I, [2013-12-27T14:30:34.279915 #5802]  INFO -- : 0:  json (1.8.1) from /Users/katedonahue/.rvm/gems/ruby-2.0.0-p247/specifications/json-1.8.1.gemspec
I, [2013-12-27T14:30:37.208596 #5802]  INFO -- : 0:  json_pure (1.8.1) from /Users/katedonahue/.rvm/gems/ruby-2.0.0-p247/specifications/json_pure-1.8.1.gemspec
I, [2013-12-27T14:30:37.209171 #5802]  INFO -- : 0:  multi_json (1.8.2) from /Users/katedonahue/.rvm/gems/ruby-2.0.0-p247/specifications/multi_json-1.8.2.gemspec
I, [2013-12-27T14:30:38.312181 #5802]  INFO -- : 0:  dm-serializer (1.2.2) from /Users/katedonahue/.rvm/gems/ruby-2.0.0-p247/specifications/dm-serializer-1.2.2.gemspec
I, [2013-12-27T14:30:39.213209 #5802]  INFO -- : 0:  dm-timestamps (1.2.0) from /Users/katedonahue/.rvm/gems/ruby-2.0.0-p247/specifications/dm-timestamps-1.2.0.gemspec
I, [2013-12-27T14:30:40.267813 #5802]  INFO -- : 0:  dm-transactions (1.2.0) from /Users/katedonahue/.rvm/gems/ruby-2.0.0-p247/specifications/dm-transactions-1.2.0.gemspec
I, [2013-12-27T14:30:41.569784 #5802]  INFO -- : 0:  stringex (1.5.1) from /Users/katedonahue/.rvm/gems/ruby-2.0.0-p247/specifications/stringex-1.5.1.gemspec
I, [2013-12-27T14:30:43.116471 #5802]  INFO -- : 0:  uuidtools (2.1.4) from /Users/katedonahue/.rvm/gems/ruby-2.0.0-p247/specifications/uuidtools-2.1.4.gemspec
I, [2013-12-27T14:30:44.250399 #5802]  INFO -- : 0:  dm-types (1.2.2) from /Users/katedonahue/.rvm/gems/ruby-2.0.0-p247/specifications/dm-types-1.2.2.gemspec
I, [2013-12-27T14:30:45.371845 #5802]  INFO -- : 0:  dm-validations (1.2.0) from /Users/katedonahue/.rvm/gems/ruby-2.0.0-p247/specifications/dm-validations-1.2.0.gemspec
I, [2013-12-27T14:30:46.180145 #5802]  INFO -- : 0:  datamapper (1.2.0) from /Users/katedonahue/.rvm/gems/ruby-2.0.0-p247/specifications/datamapper-1.2.0.gemspec
I, [2013-12-27T14:30:47.170267 #5802]  INFO -- : 0:  dm-do-adapter (1.2.0) from /Users/katedonahue/.rvm/gems/ruby-2.0.0-p247/specifications/dm-do-adapter-1.2.0.gemspec
I, [2013-12-27T14:30:49.294378 #5802]  INFO -- : 0:  do_sqlite3 (0.10.13) from /Users/katedonahue/.rvm/gems/ruby-2.0.0-p247/specifications/do_sqlite3-0.10.13.gemspec
I, [2013-12-27T14:30:50.200937 #5802]  INFO -- : 0:  dm-sqlite-adapter (1.2.0) from /Users/katedonahue/.rvm/gems/ruby-2.0.0-p247/specifications/dm-sqlite-adapter-1.2.0.gemspec
I, [2013-12-27T14:30:50.201454 #5802]  INFO -- : 0:  tilt (1.4.1) from /Users/katedonahue/.rvm/gems/ruby-2.0.0-p247/specifications/tilt-1.4.1.gemspec
I, [2013-12-27T14:30:51.518276 #5802]  INFO -- : 0:  haml (4.0.4) from /Users/katedonahue/.rvm/gems/ruby-2.0.0-p247/specifications/haml-4.0.4.gemspec
I, [2013-12-27T14:30:51.518775 #5802]  INFO -- : 0:  rack (1.5.2) from /Users/katedonahue/.rvm/gems/ruby-2.0.0-p247/specifications/rack-1.5.2.gemspec
I, [2013-12-27T14:30:51.519110 #5802]  INFO -- : 0:  rack-protection (1.5.1) from /Users/katedonahue/.rvm/gems/ruby-2.0.0-p247/specifications/rack-protection-1.5.1.gemspec
I, [2013-12-27T14:30:51.519408 #5802]  INFO -- : 0:  sinatra (1.4.4) from /Users/katedonahue/.rvm/gems/ruby-2.0.0-p247/specifications/sinatra-1.4.4.gemspec
I, [2013-12-27T14:30:51.519692 #5802]  INFO -- : 0:  bundler (1.5.0) from /Users/katedonahue/.rvm/gems/ruby-2.0.0-p247/specifications/bundler-1.5.0.gemspec
